#
# There is insufficient memory for the Java Runtime Environment to continue.
# Native memory allocation (mmap) failed to map 134217728 bytes for Failed to commit area from 0x0000000081600000 to 0x0000000089600000 of length 134217728.
# Possible reasons:
#   The system is out of physical RAM or swap space
#   The process is running with CompressedOops enabled, and the Java Heap may be blocking the growth of the native heap
# Possible solutions:
#   Reduce memory load on the system
#   Increase physical memory or swap space
#   Check if swap backing store is full
#   Decrease Java heap size (-Xmx/-Xms)
#   Decrease number of Java threads
#   Decrease Java thread stack sizes (-Xss)
#   Set larger code cache with -XX:ReservedCodeCacheSize=
# This output file may be truncated or incomplete.
#
#  Out of Memory Error (t:/workspace/open/src/hotspot/os/windows/os_windows.cpp:3301), pid=152872, tid=153524
#
# JRE version:  (13.0.2+8) (build )
# Java VM: Java HotSpot(TM) 64-Bit Server VM (13.0.2+8, mixed mode, aot, sharing, tiered, compressed oops, g1 gc, windows-amd64)
# No core dump will be written. Minidumps are not enabled by default on client versions of Windows
#

---------------  S U M M A R Y ------------

Command Line: -Dfile.encoding=UTF-8 Client

Host: Intel(R) Core(TM) i7-6500U CPU @ 2.50GHz, 4 cores, 7G,  Windows 10 , 64 bit Build 19041 (10.0.19041.546)
Time: Thu Nov 19 23:08:15 2020 Hora estándar, América Central elapsed time: 0 seconds (0d 0h 0m 0s)

---------------  T H R E A D  ---------------

Current thread (0x00000206772f9800):  JavaThread "Unknown thread" [_thread_in_vm, id=153524, stack(0x00000010c4400000,0x00000010c4500000)]

Stack: [0x00000010c4400000,0x00000010c4500000]
Native frames: (J=compiled Java code, j=interpreted, Vv=VM code, C=native code)
V  [jvm.dll+0x624f9a]
V  [jvm.dll+0x770cfa]
V  [jvm.dll+0x7724af]
V  [jvm.dll+0x772ab3]
V  [jvm.dll+0x24bf08]
V  [jvm.dll+0x6222aa]
V  [jvm.dll+0x6170b5]
V  [jvm.dll+0x30a88c]
V  [jvm.dll+0x30a6c2]
V  [jvm.dll+0x30fe36]
V  [jvm.dll+0x353f46]
V  [jvm.dll+0x353720]
V  [jvm.dll+0x2e550a]
V  [jvm.dll+0x2e67a2]
V  [jvm.dll+0x74dd78]
V  [jvm.dll+0x361989]
V  [jvm.dll+0x730e65]
V  [jvm.dll+0x3cc53f]
V  [jvm.dll+0x3ce861]
C  [jli.dll+0x51ff]
C  [ucrtbase.dll+0x214c2]
C  [KERNEL32.DLL+0x17034]
C  [ntdll.dll+0x4cec1]


---------------  P R O C E S S  ---------------

Threads class SMR info:
_java_thread_list=0x00007ff819d5ccb8, length=0, elements={
}

Java Threads: ( => current thread )

Other Threads:
  0x0000020677340000 GCTaskThread "GC Thread#0" [stack: 0x00000010c4500000,0x00000010c4600000] [id=13588]
  0x0000020677351800 ConcurrentGCThread "G1 Main Marker" [stack: 0x00000010c4600000,0x00000010c4700000] [id=140560]
  0x0000020677355000 ConcurrentGCThread "G1 Conc#0" [stack: 0x00000010c4700000,0x00000010c4800000] [id=144620]

[error occurred during error reporting (printing all threads), id 0xc0000005, EXCEPTION_ACCESS_VIOLATION (0xc0000005) at pc=0x00007ff8195951d7]

VM state:not at safepoint (not fully initialized)

VM Mutex/Monitor currently owned by a thread:  ([mutex/lock_event])
[0x00000206772f6bb0] Heap_lock - owner thread: 0x00000206772f9800

Heap address: 0x0000000081600000, size: 2026 MB, Compressed Oops mode: Non-zero based: 0x0000000081600000
Narrow klass base: 0x0000000000000000, Narrow klass shift: 0

GC Heap History (0 events):
No events

Deoptimization events (0 events):
No events

Classes unloaded (0 events):
No events

Classes redefined (0 events):
No events

Internal exceptions (0 events):
No events

Events (8 events):
Event: 0.007 Loaded shared library C:\Program Files\Java\jdk-13.0.2\bin\zip.dll
Event: 0.008 Loaded shared library C:\Program Files\Java\jdk-13.0.2\bin\jimage.dll
Event: 0.009 Loading shared library C:\Program Files\Java\jdk-13.0.2\lib\libjava.base-coop.dll failed, error code 126
Event: 0.009 Loading shared library C:\Program Files\Java\jdk-13.0.2\lib\libjava.logging-coop.dll failed, error code 126
Event: 0.009 Loading shared library C:\Program Files\Java\jdk-13.0.2\lib\libjdk.compiler-coop.dll failed, error code 126
Event: 0.009 Loading shared library C:\Program Files\Java\jdk-13.0.2\lib\libjdk.scripting.nashorn-coop.dll failed, error code 126
Event: 0.009 Loading shared library C:\Program Files\Java\jdk-13.0.2\lib\libjdk.internal.vm.ci-coop.dll failed, error code 126
Event: 0.009 Loading shared library C:\Program Files\Java\jdk-13.0.2\lib\libjdk.internal.vm.compiler-coop.dll failed, error code 126


Dynamic libraries:
0x00007ff71ab10000 - 0x00007ff71ab1f000 	C:\Program Files\Java\jdk-13.0.2\bin\java.exe
0x00007ff85c390000 - 0x00007ff85c586000 	C:\WINDOWS\SYSTEM32\ntdll.dll
0x00007ff85b620000 - 0x00007ff85b6dd000 	C:\WINDOWS\System32\KERNEL32.DLL
0x00007ff859d10000 - 0x00007ff859fd8000 	C:\WINDOWS\System32\KERNELBASE.dll
0x00007ff85a270000 - 0x00007ff85a370000 	C:\WINDOWS\System32\ucrtbase.dll
0x00007ff848640000 - 0x00007ff848655000 	C:\Program Files\Java\jdk-13.0.2\bin\VCRUNTIME140.dll
0x00007ff850240000 - 0x00007ff850258000 	C:\Program Files\Java\jdk-13.0.2\bin\jli.dll
0x00007ff85bec0000 - 0x00007ff85bf6c000 	C:\WINDOWS\System32\ADVAPI32.dll
0x00007ff85bf70000 - 0x00007ff85c00e000 	C:\WINDOWS\System32\msvcrt.dll
0x00007ff85be20000 - 0x00007ff85bebb000 	C:\WINDOWS\System32\sechost.dll
0x00007ff85ba70000 - 0x00007ff85bb94000 	C:\WINDOWS\System32\RPCRT4.dll
0x00007ff85bba0000 - 0x00007ff85bd40000 	C:\WINDOWS\System32\USER32.dll
0x00007ff859b20000 - 0x00007ff859b42000 	C:\WINDOWS\System32\win32u.dll
0x00007ff84bef0000 - 0x00007ff84c18b000 	C:\WINDOWS\WinSxS\amd64_microsoft.windows.common-controls_6595b64144ccf1df_6.0.19041.488_none_ca04af081b815d21\COMCTL32.dll
0x00007ff85ba40000 - 0x00007ff85ba6a000 	C:\WINDOWS\System32\GDI32.dll
0x00007ff85a0c0000 - 0x00007ff85a1c9000 	C:\WINDOWS\System32\gdi32full.dll
0x00007ff85a1d0000 - 0x00007ff85a26d000 	C:\WINDOWS\System32\msvcp_win.dll
0x00007ff854510000 - 0x00007ff85451a000 	C:\WINDOWS\SYSTEM32\VERSION.dll
0x00007ff85c270000 - 0x00007ff85c2a0000 	C:\WINDOWS\System32\IMM32.DLL
0x00007ff8374c0000 - 0x00007ff83755b000 	C:\Program Files\Java\jdk-13.0.2\bin\msvcp140.dll
0x00007ff8192a0000 - 0x00007ff819dfd000 	C:\Program Files\Java\jdk-13.0.2\bin\server\jvm.dll
0x00007ff85b460000 - 0x00007ff85b468000 	C:\WINDOWS\System32\PSAPI.DLL
0x00007ff83bdc0000 - 0x00007ff83bdc9000 	C:\WINDOWS\SYSTEM32\WSOCK32.dll
0x00007ff849570000 - 0x00007ff849597000 	C:\WINDOWS\SYSTEM32\WINMM.dll
0x00007ff85b100000 - 0x00007ff85b16b000 	C:\WINDOWS\System32\WS2_32.dll
0x00007ff858680000 - 0x00007ff858692000 	C:\WINDOWS\SYSTEM32\kernel.appcore.dll
0x00007ff8534a0000 - 0x00007ff8534b0000 	C:\Program Files\Java\jdk-13.0.2\bin\verify.dll
0x00007ff8581a0000 - 0x00007ff858384000 	C:\WINDOWS\SYSTEM32\DBGHELP.DLL
0x00007ff83d9f0000 - 0x00007ff83da1c000 	C:\WINDOWS\SYSTEM32\dbgcore.DLL
0x00007ff85a370000 - 0x00007ff85a3ef000 	C:\WINDOWS\System32\bcryptPrimitives.dll
0x00007ff83a570000 - 0x00007ff83a596000 	C:\Program Files\Java\jdk-13.0.2\bin\java.dll
0x00007ff8473c0000 - 0x00007ff8473d7000 	C:\Program Files\Java\jdk-13.0.2\bin\zip.dll
0x00007ff851780000 - 0x00007ff85178a000 	C:\Program Files\Java\jdk-13.0.2\bin\jimage.dll

dbghelp: loaded successfully - version: 4.0.5 - missing functions: none
symbol engine: initialized successfully - sym options: 0x614 - pdb path: .;C:\Program Files\Java\jdk-13.0.2\bin;C:\WINDOWS\SYSTEM32;C:\WINDOWS\WinSxS\amd64_microsoft.windows.common-controls_6595b64144ccf1df_6.0.19041.488_none_ca04af081b815d21;C:\Program Files\Java\jdk-13.0.2\bin\server

VM Arguments:
jvm_args: -Dfile.encoding=UTF-8 
java_command: Client
java_class_path (initial): C:\Users\andre\AppData\Local\Temp\cp_4t436r38zuh60syznd5ylw31v.jar
Launcher Type: SUN_STANDARD

[Global flags]
     intx CICompilerCount                          = 3                                         {product} {ergonomic}
     uint ConcGCThreads                            = 1                                         {product} {ergonomic}
     uint G1ConcRefinementThreads                  = 4                                         {product} {ergonomic}
   size_t G1HeapRegionSize                         = 1048576                                   {product} {ergonomic}
    uintx GCDrainStackTargetSize                   = 64                                        {product} {ergonomic}
   size_t InitialHeapSize                          = 134217728                                 {product} {ergonomic}
   size_t MarkStackSize                            = 4194304                                   {product} {ergonomic}
   size_t MaxHeapSize                              = 2124414976                                {product} {ergonomic}
   size_t MinHeapDeltaBytes                        = 1048576                                   {product} {ergonomic}
   size_t MinHeapSize                              = 8388608                                   {product} {ergonomic}
    uintx NonNMethodCodeHeapSize                   = 5832780                                {pd product} {ergonomic}
    uintx NonProfiledCodeHeapSize                  = 122912730                              {pd product} {ergonomic}
    uintx ProfiledCodeHeapSize                     = 122912730                              {pd product} {ergonomic}
    uintx ReservedCodeCacheSize                    = 251658240                              {pd product} {ergonomic}
     bool SegmentedCodeCache                       = true                                      {product} {ergonomic}
   size_t SoftMaxHeapSize                          = 2124414976                             {manageable} {ergonomic}
     bool UseCompressedClassPointers               = true                                 {lp64_product} {ergonomic}
     bool UseCompressedOops                        = true                                 {lp64_product} {ergonomic}
     bool UseG1GC                                  = true                                      {product} {ergonomic}
     bool UseLargePagesIndividualAllocation        = false                                  {pd product} {ergonomic}

Logging:
Log output configuration:
 #0: stdout all=warning uptime,level,tags
 #1: stderr all=off uptime,level,tags

Environment Variables:
PATH=C:\WINDOWS\system32;C:\WINDOWS;C:\WINDOWS\System32\Wbem;C:\WINDOWS\System32\WindowsPowerShell\v1.0\;C:\WINDOWS\System32\OpenSSH\;C:\Program Files\Java\jdk-13.0.2\bin;C:\Program Files\OpenVPN\bin;C:\Program Files\nodejs\;C:\Program Files\Git\cmd;C:\Go\bin;C:\Program Files\MySQL\MySQL Shell 8.0\bin\;C:\Users\andre\AppData\Local\Microsoft\WindowsApps;C:\Users\andre\AppData\Local\GitHubDesktop\bin;C:\Users\andre\AppData\Local\Microsoft\WindowsApps;C:\Users\andre\AppData\Roaming\npm;C:\Users\andre\go\bin
USERNAME=Amaya
OS=Windows_NT
PROCESSOR_IDENTIFIER=Intel64 Family 6 Model 78 Stepping 3, GenuineIntel



---------------  S Y S T E M  ---------------

OS: Windows 10 , 64 bit Build 19041 (10.0.19041.546)

CPU:total 4 (initial active 4) (2 cores per cpu, 2 threads per core) family 6 model 78 stepping 3, cmov, cx8, fxsr, mmx, sse, sse2, sse3, ssse3, sse4.1, sse4.2, popcnt, avx, avx2, aes, clmul, erms, 3dnowpref, lzcnt, ht, tsc, tscinvbit, bmi1, bmi2, adx, fma

Memory: 4k page, system-wide physical 8098M (1823M free)
TotalPageFile size 16290M (AvailPageFile size 51M)
current process WorkingSet (physical memory assigned to process): 10M, peak: 10M
current process commit charge ("private bytes"): 51M, peak: 179M

vm_info: Java HotSpot(TM) 64-Bit Server VM (13.0.2+8) for windows-amd64 JRE (13.0.2+8), built on Dec 11 2019 09:20:33 by "mach5one" with unknown MS VC++:1916

END.
